生成启动时间为 2018/4/26 19:07:17。
     1>项目“I:\Code\MyCode\VerifyServer\IOCompletePort\IOCompletePort.vcxproj”在节点 3 上(rebuild 个目标)。
     1>_PrepareForClean:
         正在删除文件“Release\IOCompletePort.lastbuildstate”。
     1>C:\Program Files (x86)\MSBuild\Microsoft.Cpp\v4.0\Microsoft.CppBuild.targets(299,5): warning MSB8004: Output 目录未以斜杠结尾。此生成实例将添加斜杠，因为必须有这个斜杠才能正确计算 Output 目录。
       InitializeBuildStatus:
         正在创建“Release\IOCompletePort.unsuccessfulbuild”，因为已指定“AlwaysCreate”。
       ClCompile:
         C:\Program Files (x86)\Microsoft Visual Studio 10.0\VC\bin\CL.exe /c /Zi /nologo /W3 /WX- /O2 /Oi /Oy- /GL /D WIN32 /D NDEBUG /D _WINSTATIC /D _CONSOLE /D _UNICODE /D UNICODE /Gm- /EHsc /MD /GS /Gy /fp:precise /Zc:wchar_t /Zc:forScope /Yc"StdAfx.h" /Fp"Release\IOCompletePort.pch" /Fo"Release\\" /Fd"Release\vc100.pdb" /Gd /TP /analyze- /errorReport:prompt stdafx.cpp
         stdafx.cpp
         C:\Program Files (x86)\Microsoft Visual Studio 10.0\VC\bin\CL.exe /c /Zi /nologo /W3 /WX- /O2 /Oi /Oy- /GL /D WIN32 /D NDEBUG /D _WINSTATIC /D _CONSOLE /D _UNICODE /D UNICODE /Gm- /EHsc /MD /GS /Gy /fp:precise /Zc:wchar_t /Zc:forScope /Yu"StdAfx.h" /Fp"Release\IOCompletePort.pch" /Fo"Release\\" /Fd"Release\vc100.pdb" /Gd /TP /analyze- /errorReport:prompt IOCompletePort.cpp IOCompletePortOperate.cpp IOCompletePortOverlapped.cpp IOCompletePortTest.cpp MemAlloctor.cpp StringIOCompletePortOverlapped.cpp
         IOCompletePort.cpp
     1>IOCompletePort.cpp(50): warning C4018: “<”: 有符号/无符号不匹配
         IOCompletePortOperate.cpp
         IOCompletePortOverlapped.cpp
         IOCompletePortTest.cpp
         MemAlloctor.cpp
         StringIOCompletePortOverlapped.cpp
       Lib:
         C:\Program Files (x86)\Microsoft Visual Studio 10.0\VC\bin\Lib.exe /OUT:"../lib\IOCompletePort.lib" /NOLOGO /LTCG Release\IOCompletePort.obj
         Release\IOCompletePortOperate.obj
         Release\IOCompletePortOverlapped.obj
         Release\IOCompletePortTest.obj
         Release\MemAlloctor.obj
         Release\stdafx.obj
         Release\StringIOCompletePortOverlapped.obj
         IOCompletePort.vcxproj -> I:\Code\MyCode\VerifyServer\IOCompletePort\../lib\IOCompletePort.lib
       FinalizeBuildStatus:
         正在删除文件“Release\IOCompletePort.unsuccessfulbuild”。
         正在对“Release\IOCompletePort.lastbuildstate”执行 Touch 任务。
     1>已完成生成项目“I:\Code\MyCode\VerifyServer\IOCompletePort\IOCompletePort.vcxproj”(rebuild 个目标)的操作。

生成成功。

已用时间 00:00:05.10
