I:\Code\MyCode\VerifyServer\IOCompletePort\../lib\IOCompletePort.lib
I:\Code\MyCode\VerifyServer\IOCompletePort\Release\cl.command.1.tlog
I:\Code\MyCode\VerifyServer\IOCompletePort\Release\CL.read.1.tlog
I:\Code\MyCode\VerifyServer\IOCompletePort\Release\CL.write.1.tlog
I:\CODE\MYCODE\VERIFYSERVER\IOCOMPLETEPORT\RELEASE\IOCOMPLETEPORT.OBJ
I:\CODE\MYCODE\VERIFYSERVER\IOCOMPLETEPORT\RELEASE\IOCOMPLETEPORT.PCH
I:\Code\MyCode\VerifyServer\IOCompletePort\Release\IOCompletePort.vcxprojResolveAssemblyReference.cache
I:\Code\MyCode\VerifyServer\IOCompletePort\Release\IOCompletePort.write.1.tlog
I:\CODE\MYCODE\VERIFYSERVER\IOCOMPLETEPORT\RELEASE\IOCOMPLETEPORTOPERATE.OBJ
I:\CODE\MYCODE\VERIFYSERVER\IOCOMPLETEPORT\RELEASE\IOCOMPLETEPORTOVERLAPPED.OBJ
I:\CODE\MYCODE\VERIFYSERVER\IOCOMPLETEPORT\RELEASE\IOCOMPLETEPORTTEST.OBJ
I:\Code\MyCode\VerifyServer\IOCompletePort\Release\lib.command.1.tlog
I:\Code\MyCode\VerifyServer\IOCompletePort\Release\Lib-link.read.1.tlog
I:\Code\MyCode\VerifyServer\IOCompletePort\Release\Lib-link.write.1.tlog
I:\CODE\MYCODE\VERIFYSERVER\IOCOMPLETEPORT\RELEASE\MEMALLOCTOR.OBJ
I:\CODE\MYCODE\VERIFYSERVER\IOCOMPLETEPORT\RELEASE\STDAFX.OBJ
I:\CODE\MYCODE\VERIFYSERVER\IOCOMPLETEPORT\RELEASE\STRINGIOCOMPLETEPORTOVERLAPPED.OBJ
I:\CODE\MYCODE\VERIFYSERVER\IOCOMPLETEPORT\RELEASE\VC100.PDB
I:\CODE\MYCODE\VERIFYSERVER\LIB\IOCOMPLETEPORT.LIB
I:\CODE\MYCODE\VERIFYSERVER\VERIFYSERVER\IOCOMPLETEPORT\RELEASE\IOCOMPLETEPORT.OBJ
I:\CODE\MYCODE\VERIFYSERVER\VERIFYSERVER\IOCOMPLETEPORT\RELEASE\IOCOMPLETEPORTOPERATE.OBJ
I:\CODE\MYCODE\VERIFYSERVER\VERIFYSERVER\IOCOMPLETEPORT\RELEASE\IOCOMPLETEPORTOVERLAPPED.OBJ
I:\CODE\MYCODE\VERIFYSERVER\VERIFYSERVER\IOCOMPLETEPORT\RELEASE\IOCOMPLETEPORTTEST.OBJ
I:\CODE\MYCODE\VERIFYSERVER\VERIFYSERVER\IOCOMPLETEPORT\RELEASE\MEMALLOCTOR.OBJ
I:\CODE\MYCODE\VERIFYSERVER\VERIFYSERVER\IOCOMPLETEPORT\RELEASE\STDAFX.OBJ
I:\CODE\MYCODE\VERIFYSERVER\VERIFYSERVER\IOCOMPLETEPORT\RELEASE\STRINGIOCOMPLETEPORTOVERLAPPED.OBJ
I:\CODE\MYCODE\VERIFYSERVER\VERIFYSERVER\IOCOMPLETEPORT\RELEASE\VC100.PDB
I:\CODE\MYCODE\VERIFYSERVER\VERIFYSERVER\LIB\IOCOMPLETEPORT.LIB
