I:\Code\MyCode\VerifyServer\DataBase\../lib\DataBase.lib
I:\Code\MyCode\VerifyServer\DataBase\Release\cl.command.1.tlog
I:\Code\MyCode\VerifyServer\DataBase\Release\CL.read.1.tlog
I:\Code\MyCode\VerifyServer\DataBase\Release\CL.write.1.tlog
I:\CODE\MYCODE\VERIFYSERVER\DATABASE\RELEASE\DATABASE.PCH
I:\Code\MyCode\VerifyServer\DataBase\Release\DataBase.vcxprojResolveAssemblyReference.cache
I:\Code\MyCode\VerifyServer\DataBase\Release\DataBase.write.1.tlog
I:\CODE\MYCODE\VERIFYSERVER\DATABASE\RELEASE\DBPROXY.OBJ
I:\CODE\MYCODE\VERIFYSERVER\DATABASE\RELEASE\DBSQLMANAGER.OBJ
I:\Code\MyCode\VerifyServer\DataBase\Release\lib.command.1.tlog
I:\Code\MyCode\VerifyServer\DataBase\Release\Lib-link.read.1.tlog
I:\Code\MyCode\VerifyServer\DataBase\Release\Lib-link.write.1.tlog
I:\CODE\MYCODE\VERIFYSERVER\DATABASE\RELEASE\STDAFX.OBJ
I:\CODE\MYCODE\VERIFYSERVER\DATABASE\RELEASE\VC100.PDB
I:\CODE\MYCODE\VERIFYSERVER\LIB\DATABASE.LIB
I:\CODE\MYCODE\VERIFYSERVER\VERIFYSERVER\DATABASE\RELEASE\DBPROXY.OBJ
I:\CODE\MYCODE\VERIFYSERVER\VERIFYSERVER\DATABASE\RELEASE\DBSQLMANAGER.OBJ
I:\CODE\MYCODE\VERIFYSERVER\VERIFYSERVER\DATABASE\RELEASE\STDAFX.OBJ
I:\CODE\MYCODE\VERIFYSERVER\VERIFYSERVER\DATABASE\RELEASE\VC100.PDB
I:\CODE\MYCODE\VERIFYSERVER\VERIFYSERVER\LIB\DATABASE.LIB
