生成启动时间为 2018/5/26 17:36:05。
     1>项目“I:\Code\MyCode\VerifyServer\socket\UdpSocket\UdpSocket.vcxproj”在节点 2 上(build 个目标)。
     1>C:\Program Files (x86)\MSBuild\Microsoft.Cpp\v4.0\Microsoft.CppBuild.targets(299,5): warning MSB8004: Output 目录未以斜杠结尾。此生成实例将添加斜杠，因为必须有这个斜杠才能正确计算 Output 目录。
     1>InitializeBuildStatus:
         正在创建“Debug\UdpSocket.unsuccessfulbuild”，因为已指定“AlwaysCreate”。
       ClCompile:
         所有输出均为最新。
         C:\Program Files (x86)\Microsoft Visual Studio 10.0\VC\bin\CL.exe /c /ZI /nologo /W3 /WX- /Od /Oy- /D WIN32 /D _DEBUG /D _LIB /D _WINSTATIC /D _UNICODE /D UNICODE /Gm /EHsc /RTC1 /MDd /GS /fp:precise /Zc:wchar_t /Zc:forScope /Yu"StdAfx.h" /Fp"Debug\UdpSocket.pch" /Fo"Debug\\" /Fd"Debug\vc100.pdb" /Gd /TP /analyze- /errorReport:prompt UDPSocket.cpp
         UDPSocket.cpp
       Lib:
         C:\Program Files (x86)\Microsoft Visual Studio 10.0\VC\bin\Lib.exe /OUT:"../../lib\UdpSocket.lib" /NOLOGO Debug\UdpSocketReceiveInterface.obj
         Debug\stdafx.obj
         Debug\UDPSocket.obj
         UdpSocket.vcxproj -> I:\Code\MyCode\VerifyServer\socket\UdpSocket\../../lib\UdpSocket.lib
       FinalizeBuildStatus:
         正在删除文件“Debug\UdpSocket.unsuccessfulbuild”。
         正在对“Debug\UdpSocket.lastbuildstate”执行 Touch 任务。
     1>已完成生成项目“I:\Code\MyCode\VerifyServer\socket\UdpSocket\UdpSocket.vcxproj”(build 个目标)的操作。

生成成功。

已用时间 00:00:01.49
