I:\CODE\MYCODE\VERIFYSERVER\LIB\UDPSOCKET.LIB
I:\Code\MyCode\VerifyServer\socket\UdpSocket\../../lib\UdpSocket.lib
I:\Code\MyCode\VerifyServer\socket\UdpSocket\Release\cl.command.1.tlog
I:\Code\MyCode\VerifyServer\socket\UdpSocket\Release\CL.read.1.tlog
I:\Code\MyCode\VerifyServer\socket\UdpSocket\Release\CL.write.1.tlog
I:\Code\MyCode\VerifyServer\socket\UdpSocket\Release\lib.command.1.tlog
I:\Code\MyCode\VerifyServer\socket\UdpSocket\Release\Lib-link.read.1.tlog
I:\Code\MyCode\VerifyServer\socket\UdpSocket\Release\Lib-link.write.1.tlog
I:\CODE\MYCODE\VERIFYSERVER\SOCKET\UDPSOCKET\RELEASE\SOCKETRECEIVEINTERFACE.OBJ
I:\CODE\MYCODE\VERIFYSERVER\SOCKET\UDPSOCKET\RELEASE\STDAFX.OBJ
I:\CODE\MYCODE\VERIFYSERVER\SOCKET\UDPSOCKET\RELEASE\UDPSOCKET.OBJ
I:\CODE\MYCODE\VERIFYSERVER\SOCKET\UDPSOCKET\RELEASE\UDPSOCKET.PCH
I:\Code\MyCode\VerifyServer\socket\UdpSocket\Release\UdpSocket.vcxprojResolveAssemblyReference.cache
I:\Code\MyCode\VerifyServer\socket\UdpSocket\Release\UdpSocket.write.1.tlog
I:\CODE\MYCODE\VERIFYSERVER\SOCKET\UDPSOCKET\RELEASE\VC100.PDB
I:\CODE\MYCODE\VERIFYSERVER\VERIFYSERVER\LIB\UDPSOCKET.LIB
I:\CODE\MYCODE\VERIFYSERVER\VERIFYSERVER\SOCKET\UDPSOCKET\RELEASE\SOCKETRECEIVEINTERFACE.OBJ
I:\CODE\MYCODE\VERIFYSERVER\VERIFYSERVER\SOCKET\UDPSOCKET\RELEASE\STDAFX.OBJ
I:\CODE\MYCODE\VERIFYSERVER\VERIFYSERVER\SOCKET\UDPSOCKET\RELEASE\UDPSOCKET.OBJ
I:\CODE\MYCODE\VERIFYSERVER\VERIFYSERVER\SOCKET\UDPSOCKET\RELEASE\UDPSOCKET.PCH
I:\CODE\MYCODE\VERIFYSERVER\VERIFYSERVER\SOCKET\UDPSOCKET\RELEASE\VC100.PDB
