I:\Code\MyCode\VerifyServer\VerifyServer\Debug\cl.command.1.tlog
I:\Code\MyCode\VerifyServer\VerifyServer\Debug\CL.read.1.tlog
I:\Code\MyCode\VerifyServer\VerifyServer\Debug\CL.write.1.tlog
I:\Code\MyCode\VerifyServer\VerifyServer\Debug\link.command.1.tlog
I:\Code\MyCode\VerifyServer\VerifyServer\Debug\link.read.1.tlog
I:\Code\MyCode\VerifyServer\VerifyServer\Debug\link.write.1.tlog
I:\Code\MyCode\VerifyServer\VerifyServer\Debug\link-cvtres.read.1.tlog
I:\Code\MyCode\VerifyServer\VerifyServer\Debug\link-cvtres.write.1.tlog
I:\Code\MyCode\VerifyServer\VerifyServer\Debug\rc.command.1.tlog
I:\Code\MyCode\VerifyServer\VerifyServer\Debug\rc.read.1.tlog
I:\Code\MyCode\VerifyServer\VerifyServer\Debug\rc.write.1.tlog
I:\CODE\MYCODE\VERIFYSERVER\VERIFYSERVER\DEBUG\SERVICEAPPMAIN.OBJ
I:\CODE\MYCODE\VERIFYSERVER\VERIFYSERVER\DEBUG\STDAFX.OBJ
I:\Code\MyCode\VerifyServer\VerifyServer\Debug\vc100.idb
I:\CODE\MYCODE\VERIFYSERVER\VERIFYSERVER\DEBUG\VC100.PDB
I:\Code\MyCode\VerifyServer\VerifyServer\Debug\VerifyServer.exe.embed.manifest
I:\CODE\MYCODE\VERIFYSERVER\VERIFYSERVER\DEBUG\VERIFYSERVER.EXE.EMBED.MANIFEST.RES
I:\Code\MyCode\VerifyServer\VerifyServer\Debug\VerifyServer.exe.intermediate.manifest
I:\CODE\MYCODE\VERIFYSERVER\VERIFYSERVER\DEBUG\VERIFYSERVER.OBJ
I:\Code\MyCode\VerifyServer\VerifyServer\Debug\VerifyServer.pdb
I:\Code\MyCode\VerifyServer\VerifyServer\Debug\VerifyServer_manifest.rc
I:\CODE\MYCODE\VERIFYSERVER\VERIFYSERVER\DEBUG\VNCSERVICE.OBJ
