生成启动时间为 2018/5/22 17:53:16。
     1>项目“I:\Code\MyCode\VerifyServer\WinService\WinService.vcxproj”在节点 3 上(build 个目标)。
     1>C:\Program Files (x86)\MSBuild\Microsoft.Cpp\v4.0\Microsoft.CppBuild.targets(299,5): warning MSB8004: Output 目录未以斜杠结尾。此生成实例将添加斜杠，因为必须有这个斜杠才能正确计算 Output 目录。
     1>InitializeBuildStatus:
         正在创建“Debug\WinService.unsuccessfulbuild”，因为已指定“AlwaysCreate”。
       ClCompile:
         C:\Program Files (x86)\Microsoft Visual Studio 10.0\VC\bin\CL.exe /c /I../common /I../omnithread /ZI /nologo /W3 /WX- /Od /Oy- /D WIN32 /D __WIN32__ /D _DEBUG /D _LIB /D _WINSTATIC /D _UNICODE /D UNICODE /Gm /EHsc /RTC1 /MDd /GS /fp:precise /Zc:wchar_t /Zc:forScope /Fo"Debug\\" /Fd"Debug\vc100.pdb" /Gd /TP /analyze- /errorReport:prompt Service.cpp ServiceAppMain.cpp
         ServiceAppMain.cpp
         Service.cpp
     1>i:\code\mycode\verifyserver\winservice\service.cpp(287): warning C4172: 返回局部变量或临时变量的地址
     1>i:\code\mycode\verifyserver\winservice\service.cpp(323): warning C4018: “<”: 有符号/无符号不匹配
     1>i:\code\mycode\verifyserver\winservice\service.cpp(363): warning C4018: “<”: 有符号/无符号不匹配
     1>i:\code\mycode\verifyserver\winservice\service.cpp(420): warning C4996: 'swprintf': swprintf has been changed to conform with the ISO C standard, adding an extra character count parameter. To use traditional Microsoft swprintf, set _CRT_NON_CONFORMING_SWPRINTFS.
                 c:\program files (x86)\microsoft visual studio 10.0\vc\include\swprintf.inl(85) : 参见“swprintf”的声明
     1>i:\code\mycode\verifyserver\winservice\service.cpp(533): warning C4996: 'swprintf': swprintf has been changed to conform with the ISO C standard, adding an extra character count parameter. To use traditional Microsoft swprintf, set _CRT_NON_CONFORMING_SWPRINTFS.
                 c:\program files (x86)\microsoft visual studio 10.0\vc\include\swprintf.inl(85) : 参见“swprintf”的声明
     1>i:\code\mycode\verifyserver\winservice\service.cpp(748): warning C4996: 'swprintf': swprintf has been changed to conform with the ISO C standard, adding an extra character count parameter. To use traditional Microsoft swprintf, set _CRT_NON_CONFORMING_SWPRINTFS.
                 c:\program files (x86)\microsoft visual studio 10.0\vc\include\swprintf.inl(85) : 参见“swprintf”的声明
         正在生成代码...
       Lib:
         C:\Program Files (x86)\Microsoft Visual Studio 10.0\VC\bin\Lib.exe /OUT:"../lib\WinService.lib" /NOLOGO Debug\Service.obj
         Debug\ServiceAppMain.obj
         WinService.vcxproj -> I:\Code\MyCode\VerifyServer\WinService\../lib\WinService.lib
       FinalizeBuildStatus:
         正在删除文件“Debug\WinService.unsuccessfulbuild”。
         正在对“Debug\WinService.lastbuildstate”执行 Touch 任务。
     1>已完成生成项目“I:\Code\MyCode\VerifyServer\WinService\WinService.vcxproj”(build 个目标)的操作。

生成成功。

已用时间 00:00:01.21
