生成启动时间为 2018/2/3 23:31:13。
     1>项目“I:\Code\MyCode\VerifyServer\VerifyServer\socket\tcpserver_tmp\tcpserver_tmp.vcxproj”在节点 2 上(build 个目标)。
     1>InitializeBuildStatus:
         正在创建“Debug\tcpserver_tmp.unsuccessfulbuild”，因为已指定“AlwaysCreate”。
       ClCompile:
         C:\Program Files (x86)\Microsoft Visual Studio 10.0\VC\bin\CL.exe /c /ZI /nologo /W3 /WX- /Od /Oy- /D WIN32 /D _DEBUG /D _LIB /D _WINSTATIC /D _UNICODE /D UNICODE /Gm /EHsc /RTC1 /MDd /GS /fp:precise /Zc:wchar_t /Zc:forScope /Yc"StdAfx.h" /Fp"Debug\tcpserver_tmp.pch" /Fo"Debug\\" /Fd"Debug\vc100.pdb" /Gd /TP /analyze- /errorReport:prompt stdafx.cpp
         stdafx.cpp
         C:\Program Files (x86)\Microsoft Visual Studio 10.0\VC\bin\CL.exe /c /ZI /nologo /W3 /WX- /Od /Oy- /D WIN32 /D _DEBUG /D _LIB /D _WINSTATIC /D _UNICODE /D UNICODE /Gm /EHsc /RTC1 /MDd /GS /fp:precise /Zc:wchar_t /Zc:forScope /Yu"StdAfx.h" /Fp"Debug\tcpserver_tmp.pch" /Fo"Debug\\" /Fd"Debug\vc100.pdb" /Gd /TP /analyze- /errorReport:prompt Buffer.cpp SocketRecevier.cpp TcpServer.cpp
         TcpServer.cpp
         正在生成代码...
         正在跳过...(未检测到相关更改)
         Buffer.cpp
         SocketRecevier.cpp
       Lib:
         C:\Program Files (x86)\Microsoft Visual Studio 10.0\VC\bin\Lib.exe /OUT:"I:\Code\MyCode\VerifyServer\VerifyServer\Debug\tcpserver_tmp.lib" /NOLOGO Debug\Buffer.obj
         Debug\SocketRecevier.obj
         Debug\stdafx.obj
         Debug\TcpServer.obj
         tcpserver_tmp.vcxproj -> I:\Code\MyCode\VerifyServer\VerifyServer\Debug\tcpserver_tmp.lib
       FinalizeBuildStatus:
         正在删除文件“Debug\tcpserver_tmp.unsuccessfulbuild”。
         正在对“Debug\tcpserver_tmp.lastbuildstate”执行 Touch 任务。
     1>已完成生成项目“I:\Code\MyCode\VerifyServer\VerifyServer\socket\tcpserver_tmp\tcpserver_tmp.vcxproj”(build 个目标)的操作。

生成成功。

已用时间 00:00:03.36
