生成启动时间为 2018/5/23 19:07:34。
     1>项目“I:\Code\MyCode\VerifyServer\socket\tcpserver\tcpserver.vcxproj”在节点 4 上(build 个目标)。
     1>C:\Program Files (x86)\MSBuild\Microsoft.Cpp\v4.0\Microsoft.CppBuild.targets(299,5): warning MSB8004: Output 目录未以斜杠结尾。此生成实例将添加斜杠，因为必须有这个斜杠才能正确计算 Output 目录。
     1>InitializeBuildStatus:
         正在创建“Debug\tcpserver.unsuccessfulbuild”，因为已指定“AlwaysCreate”。
       ClCompile:
         C:\Program Files (x86)\Microsoft Visual Studio 10.0\VC\bin\CL.exe /c /ZI /nologo /W3 /WX- /Od /Oy- /D WIN32 /D _DEBUG /D _LIB /D _WINSTATIC /D _UNICODE /D UNICODE /Gm /EHsc /RTC1 /MDd /GS /fp:precise /Zc:wchar_t /Zc:forScope /Yc"StdAfx.h" /Fp"Debug\tcpserver.pch" /Fo"Debug\\" /Fd"Debug\vc100.pdb" /Gd /TP /analyze- /errorReport:prompt stdafx.cpp
         stdafx.cpp
         C:\Program Files (x86)\Microsoft Visual Studio 10.0\VC\bin\CL.exe /c /ZI /nologo /W3 /WX- /Od /Oy- /D WIN32 /D _DEBUG /D _LIB /D _WINSTATIC /D _UNICODE /D UNICODE /Gm /EHsc /RTC1 /MDd /GS /fp:precise /Zc:wchar_t /Zc:forScope /Yu"StdAfx.h" /Fp"Debug\tcpserver.pch" /Fo"Debug\\" /Fd"Debug\vc100.pdb" /Gd /TP /analyze- /errorReport:prompt Buffer.cpp SocketRecevier.cpp TcpServer.cpp
         TcpServer.cpp
         SocketRecevier.cpp
         Buffer.cpp
         正在生成代码...
       Lib:
         C:\Program Files (x86)\Microsoft Visual Studio 10.0\VC\bin\Lib.exe /OUT:"../../lib\tcpserver.lib" /NOLOGO Debug\Buffer.obj
         Debug\SocketRecevier.obj
         Debug\stdafx.obj
         Debug\TcpServer.obj
         tcpserver.vcxproj -> I:\Code\MyCode\VerifyServer\socket\tcpserver\../../lib\tcpserver.lib
       FinalizeBuildStatus:
         正在删除文件“Debug\tcpserver.unsuccessfulbuild”。
         正在对“Debug\tcpserver.lastbuildstate”执行 Touch 任务。
     1>已完成生成项目“I:\Code\MyCode\VerifyServer\socket\tcpserver\tcpserver.vcxproj”(build 个目标)的操作。

生成成功。

已用时间 00:00:03.70
