生成启动时间为 2018/5/26 17:37:56。
     1>项目“I:\Code\MyCode\VerifyServer\VerifyServer\VerifyServer.vcxproj”在节点 2 上(build 个目标)。
     1>C:\Program Files (x86)\MSBuild\Microsoft.Cpp\v4.0\Microsoft.CppBuild.targets(299,5): warning MSB8004: Output 目录未以斜杠结尾。此生成实例将添加斜杠，因为必须有这个斜杠才能正确计算 Output 目录。
     1>InitializeBuildStatus:
         正在创建“I:\Code\MyCode\VerifyServer\VerifyServer\Debug\VerifyServer\VerifyServer.unsuccessfulbuild”，因为已指定“AlwaysCreate”。
       ClCompile:
         所有输出均为最新。
       Link:
         C:\Program Files (x86)\Microsoft Visual Studio 10.0\VC\bin\link.exe /ERRORREPORT:PROMPT /OUT:"../dbin\VerifyServer.exe" /INCREMENTAL:NO /NOLOGO /LIBPATH:../lib WinService.lib common.lib tcpserver.lib udpsocket.lib DataBase.lib omnithread.lib kernel32.lib user32.lib gdi32.lib winspool.lib comdlg32.lib kernel32.lib user32.lib gdi32.lib winspool.lib comdlg32.lib advapi32.lib shell32.lib ole32.lib oleaut32.lib uuid.lib odbc32.lib odbccp32.lib /NODEFAULTLIB:LIBCMTd.lib /MANIFEST /ManifestFile:"I:\Code\MyCode\VerifyServer\VerifyServer\Debug\VerifyServer\VerifyServer.exe.intermediate.manifest" /MANIFESTUAC:"level='asInvoker' uiAccess='false'" /DEBUG /PDB:"I:\Code\MyCode\VerifyServer\dbin\VerifyServer.pdb" /SUBSYSTEM:CONSOLE /TLBID:1 /DYNAMICBASE /NXCOMPAT /IMPLIB:"../dbin\VerifyServer.lib" /MACHINE:X86 I:\Code\MyCode\VerifyServer\VerifyServer\Debug\VerifyServer\AppDataFileCopy.obj
         I:\Code\MyCode\VerifyServer\VerifyServer\Debug\VerifyServer\AppEntity.obj
         I:\Code\MyCode\VerifyServer\VerifyServer\Debug\VerifyServer\cJSON_Unicode.obj
         I:\Code\MyCode\VerifyServer\VerifyServer\Debug\VerifyServer\ClientManager.obj
         I:\Code\MyCode\VerifyServer\VerifyServer\Debug\VerifyServer\ClientSignupDBDoOperator.obj
         I:\Code\MyCode\VerifyServer\VerifyServer\Debug\VerifyServer\ClientSignupNetSocketDataParse.obj
         I:\Code\MyCode\VerifyServer\VerifyServer\Debug\VerifyServer\ClientVerifyData.obj
         I:\Code\MyCode\VerifyServer\VerifyServer\Debug\VerifyServer\ClientVerifyNetSocketDataParse.obj
         I:\Code\MyCode\VerifyServer\VerifyServer\Debug\VerifyServer\ClientVerifyOperator.obj
         I:\Code\MyCode\VerifyServer\VerifyServer\Debug\VerifyServer\DBSqlExecOperate.obj
         I:\Code\MyCode\VerifyServer\VerifyServer\Debug\VerifyServer\ClientUser.obj
         I:\Code\MyCode\VerifyServer\VerifyServer\Debug\VerifyServer\DBSqlite3Proxy.obj
         I:\Code\MyCode\VerifyServer\VerifyServer\Debug\VerifyServer\Encrypter.obj
         I:\Code\MyCode\VerifyServer\VerifyServer\Debug\VerifyServer\GlobalFunc.obj
         I:\Code\MyCode\VerifyServer\VerifyServer\Debug\VerifyServer\IdentifyCodeSignupMethods.obj
         I:\Code\MyCode\VerifyServer\VerifyServer\Debug\VerifyServer\LoginVerifyReponseNetSocketData.obj
         I:\Code\MyCode\VerifyServer\VerifyServer\Debug\VerifyServer\MyArg.obj
         I:\Code\MyCode\VerifyServer\VerifyServer\Debug\VerifyServer\MyServiceAppMain.obj
         I:\Code\MyCode\VerifyServer\VerifyServer\Debug\VerifyServer\NetSocketData.obj
         I:\Code\MyCode\VerifyServer\VerifyServer\Debug\VerifyServer\NetSocketDataParse.obj
         I:\Code\MyCode\VerifyServer\VerifyServer\Debug\VerifyServer\NetSocketProxy.obj
         I:\Code\MyCode\VerifyServer\VerifyServer\Debug\VerifyServer\Operater.obj
         I:\Code\MyCode\VerifyServer\VerifyServer\Debug\VerifyServer\SearchServerNetSocketData.obj
         I:\Code\MyCode\VerifyServer\VerifyServer\Debug\VerifyServer\SearchServerNetSocketDataParse.obj
         I:\Code\MyCode\VerifyServer\VerifyServer\Debug\VerifyServer\SignupData.obj
         I:\Code\MyCode\VerifyServer\VerifyServer\Debug\VerifyServer\SignupMethods.obj
         I:\Code\MyCode\VerifyServer\VerifyServer\Debug\VerifyServer\SignupReponseNetSocketData.obj
         I:\Code\MyCode\VerifyServer\VerifyServer\Debug\VerifyServer\SocketProtocol.obj
         I:\Code\MyCode\VerifyServer\VerifyServer\Debug\VerifyServer\stdafx.obj
         I:\Code\MyCode\VerifyServer\VerifyServer\Debug\VerifyServer\StringIOCompletePortOverlapped.obj
         I:\Code\MyCode\VerifyServer\VerifyServer\Debug\VerifyServer\TcpSocketProxy.obj
         I:\Code\MyCode\VerifyServer\VerifyServer\Debug\VerifyServer\ThreadSocketRecevier.obj
         I:\Code\MyCode\VerifyServer\VerifyServer\Debug\VerifyServer\UdpNetSocketProxy.obj
         I:\Code\MyCode\VerifyServer\VerifyServer\Debug\VerifyServer\VerifyServer.obj
     1>AppDataFileCopy.obj : warning LNK4075: 忽略“/EDITANDCONTINUE”(由于“/INCREMENTAL:NO”规范)
         VerifyServer.vcxproj -> I:\Code\MyCode\VerifyServer\VerifyServer\../dbin\VerifyServer.exe
       Manifest:
         C:\Program Files (x86)\Microsoft SDKs\Windows\v7.0A\bin\mt.exe /nologo /verbose /outputresource:"../dbin\VerifyServer.exe;#1" /manifest I:\Code\MyCode\VerifyServer\VerifyServer\Debug\VerifyServer\VerifyServer.exe.intermediate.manifest
       FinalizeBuildStatus:
         正在删除文件“I:\Code\MyCode\VerifyServer\VerifyServer\Debug\VerifyServer\VerifyServer.unsuccessfulbuild”。
         正在对“I:\Code\MyCode\VerifyServer\VerifyServer\Debug\VerifyServer\VerifyServer.lastbuildstate”执行 Touch 任务。
     1>已完成生成项目“I:\Code\MyCode\VerifyServer\VerifyServer\VerifyServer.vcxproj”(build 个目标)的操作。

生成成功。

已用时间 00:00:00.51
