../bin\VerifyServer.pdb
I:\CODE\MYCODE\VERIFYSERVER\BIN\VERIFYSERVER.EXE
I:\CODE\MYCODE\VERIFYSERVER\BIN\VERIFYSERVER.PDB
I:\Code\MyCode\VerifyServer\VerifyServer\../bin\VerifyServer.exe
I:\CODE\MYCODE\VERIFYSERVER\VERIFYSERVER\RELEASE\VERIFYSERVER\APPDATAFILECOPY.OBJ
I:\CODE\MYCODE\VERIFYSERVER\VERIFYSERVER\RELEASE\VERIFYSERVER\APPENTITY.OBJ
I:\CODE\MYCODE\VERIFYSERVER\VERIFYSERVER\RELEASE\VERIFYSERVER\APPOPERATE.OBJ
I:\CODE\MYCODE\VERIFYSERVER\VERIFYSERVER\RELEASE\VERIFYSERVER\CJSON_UNICODE.OBJ
I:\Code\MyCode\VerifyServer\VerifyServer\Release\VerifyServer\cl.command.1.tlog
I:\Code\MyCode\VerifyServer\VerifyServer\Release\VerifyServer\CL.read.1.tlog
I:\Code\MyCode\VerifyServer\VerifyServer\Release\VerifyServer\CL.write.1.tlog
I:\CODE\MYCODE\VERIFYSERVER\VERIFYSERVER\RELEASE\VERIFYSERVER\CLIENTMANAGER.OBJ
I:\CODE\MYCODE\VERIFYSERVER\VERIFYSERVER\RELEASE\VERIFYSERVER\CLIENTSIGNUPOPERATE.OBJ
I:\CODE\MYCODE\VERIFYSERVER\VERIFYSERVER\RELEASE\VERIFYSERVER\CLIENTUSER.OBJ
I:\CODE\MYCODE\VERIFYSERVER\VERIFYSERVER\RELEASE\VERIFYSERVER\DBSQLITE3PROXY.OBJ
I:\CODE\MYCODE\VERIFYSERVER\VERIFYSERVER\RELEASE\VERIFYSERVER\ENCRYPTER.OBJ
I:\CODE\MYCODE\VERIFYSERVER\VERIFYSERVER\RELEASE\VERIFYSERVER\GLOBALFUNC.OBJ
I:\Code\MyCode\VerifyServer\VerifyServer\Release\VerifyServer\link.command.1.tlog
I:\Code\MyCode\VerifyServer\VerifyServer\Release\VerifyServer\link.read.1.tlog
I:\Code\MyCode\VerifyServer\VerifyServer\Release\VerifyServer\link.write.1.tlog
I:\Code\MyCode\VerifyServer\VerifyServer\Release\VerifyServer\mt.command.1.tlog
I:\Code\MyCode\VerifyServer\VerifyServer\Release\VerifyServer\mt.read.1.tlog
I:\Code\MyCode\VerifyServer\VerifyServer\Release\VerifyServer\mt.write.1.tlog
I:\CODE\MYCODE\VERIFYSERVER\VERIFYSERVER\RELEASE\VERIFYSERVER\NETSOCKETDATA.OBJ
I:\CODE\MYCODE\VERIFYSERVER\VERIFYSERVER\RELEASE\VERIFYSERVER\NETSOCKETDATAPARSE.OBJ
I:\CODE\MYCODE\VERIFYSERVER\VERIFYSERVER\RELEASE\VERIFYSERVER\NETSOCKETPROXY.OBJ
I:\CODE\MYCODE\VERIFYSERVER\VERIFYSERVER\RELEASE\VERIFYSERVER\OPERATE.OBJ
I:\CODE\MYCODE\VERIFYSERVER\VERIFYSERVER\RELEASE\VERIFYSERVER\SERVICE.OBJ
I:\CODE\MYCODE\VERIFYSERVER\VERIFYSERVER\RELEASE\VERIFYSERVER\SERVICEAPPMAIN.OBJ
I:\CODE\MYCODE\VERIFYSERVER\VERIFYSERVER\RELEASE\VERIFYSERVER\SOCKETPROTOCOL.OBJ
I:\CODE\MYCODE\VERIFYSERVER\VERIFYSERVER\RELEASE\VERIFYSERVER\STDAFX.OBJ
I:\CODE\MYCODE\VERIFYSERVER\VERIFYSERVER\RELEASE\VERIFYSERVER\STRINGIOCOMPLETEPORTOVERLAPPED.OBJ
I:\CODE\MYCODE\VERIFYSERVER\VERIFYSERVER\RELEASE\VERIFYSERVER\THREADSOCKETRECEVIER.OBJ
I:\CODE\MYCODE\VERIFYSERVER\VERIFYSERVER\RELEASE\VERIFYSERVER\VC100.PDB
I:\CODE\MYCODE\VERIFYSERVER\VERIFYSERVER\RELEASE\VERIFYSERVER\VERIFYSERVER.EXE.INTERMEDIATE.MANIFEST
I:\CODE\MYCODE\VERIFYSERVER\VERIFYSERVER\RELEASE\VERIFYSERVER\VERIFYSERVER.OBJ
I:\Code\MyCode\VerifyServer\VerifyServer\Release\VerifyServer\VerifyServer.write.1.tlog
