生成启动时间为 2018/4/28 12:12:14。
     1>项目“I:\Code\MyCode\VerifyServer\VerifyServer\VerifyServer.vcxproj”在节点 2 上(build 个目标)。
     1>C:\Program Files (x86)\MSBuild\Microsoft.Cpp\v4.0\Microsoft.CppBuild.targets(299,5): warning MSB8004: Output 目录未以斜杠结尾。此生成实例将添加斜杠，因为必须有这个斜杠才能正确计算 Output 目录。
     1>InitializeBuildStatus:
         正在对“I:\Code\MyCode\VerifyServer\VerifyServer\Release\VerifyServer\VerifyServer.unsuccessfulbuild”执行 Touch 任务。
       ClCompile:
         C:\Program Files (x86)\Microsoft Visual Studio 10.0\VC\bin\CL.exe /c /I../omnithread /I../database /I../IOCompletePort /I../socket/tcpserver /I../socket/udpsocket /I../OpenSSL /I../common /Zi /nologo /W3 /WX- /O2 /Oi /Oy- /GL /D _WINSTATIC /D WIN32 /D __WIN32__ /D NDEBUG /D _CONSOLE /D _UNICODE /D UNICODE /Gm- /EHsc /MD /GS /Gy /fp:precise /Zc:wchar_t /Zc:forScope /Fo"I:\Code\MyCode\VerifyServer\VerifyServer\Release\VerifyServer\\" /Fd"I:\Code\MyCode\VerifyServer\VerifyServer\Release\VerifyServer\vc100.pdb" /Gd /TP /analyze- /errorReport:prompt ClientSignupNetSocketDataParse.cpp
         ClientSignupNetSocketDataParse.cpp
     1>C:\Program Files (x86)\Microsoft Visual Studio 10.0\VC\include\intrin.h(1087): warning C4995: “wcscat”: 名称被标记为 #pragma deprecated
     1>C:\Program Files (x86)\Microsoft Visual Studio 10.0\VC\include\intrin.h(1089): warning C4995: “wcscpy”: 名称被标记为 #pragma deprecated
     1>ClientSignupNetSocketDataParse.cpp(53): warning C4995: “_stprintf”: 名称被标记为 #pragma deprecated
     1>ClientSignupNetSocketDataParse.cpp(53): warning C4995: “swprintf”: 名称被标记为 #pragma deprecated
       Link:
         C:\Program Files (x86)\Microsoft Visual Studio 10.0\VC\bin\link.exe /ERRORREPORT:PROMPT /OUT:"../bin\VerifyServer.exe" /INCREMENTAL:NO /NOLOGO /LIBPATH:./lib common.lib tcpserver.lib udpsocket.lib DataBase.lib omnithread.lib kernel32.lib user32.lib gdi32.lib winspool.lib comdlg32.lib advapi32.lib shell32.lib ole32.lib oleaut32.lib uuid.lib odbc32.lib odbccp32.lib kernel32.lib user32.lib gdi32.lib winspool.lib comdlg32.lib advapi32.lib shell32.lib ole32.lib oleaut32.lib uuid.lib odbc32.lib odbccp32.lib /NODEFAULTLIB:LIBCMT.lib /MANIFEST /ManifestFile:"I:\Code\MyCode\VerifyServer\VerifyServer\Release\VerifyServer\VerifyServer.exe.intermediate.manifest" /MANIFESTUAC:"level='asInvoker' uiAccess='false'" /DEBUG /PDB:"I:\Code\MyCode\VerifyServer\bin\VerifyServer.pdb" /SUBSYSTEM:CONSOLE /OPT:REF /OPT:ICF /LTCG /TLBID:1 /DYNAMICBASE /NXCOMPAT /MACHINE:X86 I:\Code\MyCode\VerifyServer\VerifyServer\Release\VerifyServer\AppDataFileCopy.obj
         I:\Code\MyCode\VerifyServer\VerifyServer\Release\VerifyServer\AppEntity.obj
         I:\Code\MyCode\VerifyServer\VerifyServer\Release\VerifyServer\cJSON_Unicode.obj
         I:\Code\MyCode\VerifyServer\VerifyServer\Release\VerifyServer\ClientManager.obj
         I:\Code\MyCode\VerifyServer\VerifyServer\Release\VerifyServer\ClientSignupNetSocketDataParse.obj
         I:\Code\MyCode\VerifyServer\VerifyServer\Release\VerifyServer\DBSqlExecOperate.obj
         I:\Code\MyCode\VerifyServer\VerifyServer\Release\VerifyServer\ClientUser.obj
         I:\Code\MyCode\VerifyServer\VerifyServer\Release\VerifyServer\DBSqlite3Proxy.obj
         I:\Code\MyCode\VerifyServer\VerifyServer\Release\VerifyServer\Encrypter.obj
         I:\Code\MyCode\VerifyServer\VerifyServer\Release\VerifyServer\GlobalFunc.obj
         I:\Code\MyCode\VerifyServer\VerifyServer\Release\VerifyServer\MyArg.obj
         I:\Code\MyCode\VerifyServer\VerifyServer\Release\VerifyServer\NetSocketData.obj
         I:\Code\MyCode\VerifyServer\VerifyServer\Release\VerifyServer\NetSocketDataParse.obj
         I:\Code\MyCode\VerifyServer\VerifyServer\Release\VerifyServer\NetSocketProxy.obj
         I:\Code\MyCode\VerifyServer\VerifyServer\Release\VerifyServer\Operater.obj
         I:\Code\MyCode\VerifyServer\VerifyServer\Release\VerifyServer\ServiceAppMain.obj
         I:\Code\MyCode\VerifyServer\VerifyServer\Release\VerifyServer\SocketProtocol.obj
         I:\Code\MyCode\VerifyServer\VerifyServer\Release\VerifyServer\stdafx.obj
         I:\Code\MyCode\VerifyServer\VerifyServer\Release\VerifyServer\StringIOCompletePortOverlapped.obj
         I:\Code\MyCode\VerifyServer\VerifyServer\Release\VerifyServer\ThreadSocketRecevier.obj
         I:\Code\MyCode\VerifyServer\VerifyServer\Release\VerifyServer\VerifyServer.obj
         I:\Code\MyCode\VerifyServer\VerifyServer\Release\VerifyServer\Service.obj
         正在生成代码
         已完成代码的生成
         VerifyServer.vcxproj -> I:\Code\MyCode\VerifyServer\VerifyServer\../bin\VerifyServer.exe
       Manifest:
         C:\Program Files (x86)\Microsoft SDKs\Windows\v7.0A\bin\mt.exe /nologo /verbose /outputresource:"../bin\VerifyServer.exe;#1" /manifest I:\Code\MyCode\VerifyServer\VerifyServer\Release\VerifyServer\VerifyServer.exe.intermediate.manifest
       FinalizeBuildStatus:
         正在删除文件“I:\Code\MyCode\VerifyServer\VerifyServer\Release\VerifyServer\VerifyServer.unsuccessfulbuild”。
         正在对“I:\Code\MyCode\VerifyServer\VerifyServer\Release\VerifyServer\VerifyServer.lastbuildstate”执行 Touch 任务。
     1>已完成生成项目“I:\Code\MyCode\VerifyServer\VerifyServer\VerifyServer.vcxproj”(build 个目标)的操作。

生成成功。

已用时间 00:00:05.19
