I:\CODE\MYCODE\VERIFYSERVER\LIB\TCPSERVER.LIB
I:\Code\MyCode\VerifyServer\socket\tcpserver\../../lib\tcpserver.lib
I:\CODE\MYCODE\VERIFYSERVER\SOCKET\TCPSERVER\RELEASE\BUFFER.OBJ
I:\Code\MyCode\VerifyServer\socket\tcpserver\Release\cl.command.1.tlog
I:\Code\MyCode\VerifyServer\socket\tcpserver\Release\CL.read.1.tlog
I:\Code\MyCode\VerifyServer\socket\tcpserver\Release\CL.write.1.tlog
I:\Code\MyCode\VerifyServer\socket\tcpserver\Release\lib.command.1.tlog
I:\Code\MyCode\VerifyServer\socket\tcpserver\Release\Lib-link.read.1.tlog
I:\Code\MyCode\VerifyServer\socket\tcpserver\Release\Lib-link.write.1.tlog
I:\CODE\MYCODE\VERIFYSERVER\SOCKET\TCPSERVER\RELEASE\SOCKETRECEVIER.OBJ
I:\CODE\MYCODE\VERIFYSERVER\SOCKET\TCPSERVER\RELEASE\STDAFX.OBJ
I:\CODE\MYCODE\VERIFYSERVER\SOCKET\TCPSERVER\RELEASE\TCPSERVER.OBJ
I:\CODE\MYCODE\VERIFYSERVER\SOCKET\TCPSERVER\RELEASE\TCPSERVER.PCH
I:\Code\MyCode\VerifyServer\socket\tcpserver\Release\tcpserver.vcxprojResolveAssemblyReference.cache
I:\Code\MyCode\VerifyServer\socket\tcpserver\Release\tcpserver.write.1.tlog
I:\CODE\MYCODE\VERIFYSERVER\SOCKET\TCPSERVER\RELEASE\VC100.PDB
I:\CODE\MYCODE\VERIFYSERVER\VERIFYSERVER\LIB\TCPSERVER.LIB
I:\CODE\MYCODE\VERIFYSERVER\VERIFYSERVER\SOCKET\TCPSERVER\RELEASE\BUFFER.OBJ
I:\CODE\MYCODE\VERIFYSERVER\VERIFYSERVER\SOCKET\TCPSERVER\RELEASE\SOCKETRECEVIER.OBJ
I:\CODE\MYCODE\VERIFYSERVER\VERIFYSERVER\SOCKET\TCPSERVER\RELEASE\STDAFX.OBJ
I:\CODE\MYCODE\VERIFYSERVER\VERIFYSERVER\SOCKET\TCPSERVER\RELEASE\TCPSERVER.OBJ
I:\CODE\MYCODE\VERIFYSERVER\VERIFYSERVER\SOCKET\TCPSERVER\RELEASE\VC100.PDB
