生成启动时间为 2018/4/28 10:38:20。
     1>项目“I:\Code\MyCode\VerifyServer\socket\tcpserver\tcpserver.vcxproj”在节点 2 上(build 个目标)。
     1>C:\Program Files (x86)\MSBuild\Microsoft.Cpp\v4.0\Microsoft.CppBuild.targets(299,5): warning MSB8004: Output 目录未以斜杠结尾。此生成实例将添加斜杠，因为必须有这个斜杠才能正确计算 Output 目录。
     1>InitializeBuildStatus:
         正在创建“Release\tcpserver.unsuccessfulbuild”，因为已指定“AlwaysCreate”。
       ClCompile:
         所有输出均为最新。
         C:\Program Files (x86)\Microsoft Visual Studio 10.0\VC\bin\CL.exe /c /Zi /nologo /W3 /WX- /O2 /Oi /Oy- /GL /D WIN32 /D NDEBUG /D _LIB /D _WINSTATIC /D _UNICODE /D UNICODE /Gm- /EHsc /MD /GS /Gy /fp:precise /Zc:wchar_t /Zc:forScope /Yu"StdAfx.h" /Fp"Release\tcpserver.pch" /Fo"Release\\" /Fd"Release\vc100.pdb" /Gd /TP /analyze- /errorReport:prompt TcpServer.cpp
         TcpServer.cpp
       Lib:
         C:\Program Files (x86)\Microsoft Visual Studio 10.0\VC\bin\Lib.exe /OUT:"../../lib\tcpserver.lib" /NOLOGO /LTCG Release\Buffer.obj
         Release\SocketRecevier.obj
         Release\stdafx.obj
         Release\TcpServer.obj
         tcpserver.vcxproj -> I:\Code\MyCode\VerifyServer\socket\tcpserver\../../lib\tcpserver.lib
       FinalizeBuildStatus:
         正在删除文件“Release\tcpserver.unsuccessfulbuild”。
         正在对“Release\tcpserver.lastbuildstate”执行 Touch 任务。
     1>已完成生成项目“I:\Code\MyCode\VerifyServer\socket\tcpserver\tcpserver.vcxproj”(build 个目标)的操作。

生成成功。

已用时间 00:00:09.16
