生成启动时间为 2018/4/26 19:07:17。
     1>项目“I:\Code\MyCode\VerifyServer\omnithread\omnithread.vcxproj”在节点 5 上(rebuild 个目标)。
     1>_PrepareForClean:
         正在删除文件“I:\Code\MyCode\VerifyServer\VerifyServer\Release\omnithread\omnithread.lastbuildstate”。
     1>C:\Program Files (x86)\MSBuild\Microsoft.Cpp\v4.0\Microsoft.CppBuild.targets(299,5): warning MSB8004: Output 目录未以斜杠结尾。此生成实例将添加斜杠，因为必须有这个斜杠才能正确计算 Output 目录。
       InitializeBuildStatus:
         正在创建“I:\Code\MyCode\VerifyServer\VerifyServer\Release\omnithread\omnithread.unsuccessfulbuild”，因为已指定“AlwaysCreate”。
       ClCompile:
         C:\Program Files (x86)\Microsoft Visual Studio 10.0\VC\bin\CL.exe /c /I. /Zi /nologo /W3 /WX- /O2 /Ob1 /Oy- /D NDEBUG /D WIN32 /D _WINDOWS /D __WIN32__ /D __NT__ /D __x86__ /D _WINSTATIC /D _LIB /D _VC80_UPGRADE=0x0710 /GF /Gm- /EHsc /MT /GS- /Gy /fp:precise /Zc:wchar_t /Zc:forScope /Fo"I:\Code\MyCode\VerifyServer\VerifyServer\Release\omnithread\\" /Fd"I:\Code\MyCode\VerifyServer\VerifyServer\Release\omnithread\vc100.pdb" /Gd /TP /analyze- /errorReport:prompt nt.cpp
         nt.cpp
     1>nt.cpp(467): warning C4297: “omni_thread_wrapper”: 假定函数不引发异常，但确实发生了
                 函数是 extern "C" 并且指定了 /EHc
       Lib:
         C:\Program Files (x86)\Microsoft Visual Studio 10.0\VC\bin\Lib.exe /OUT:"../lib\omnithread.lib" /NOLOGO I:\Code\MyCode\VerifyServer\VerifyServer\Release\omnithread\nt.obj
         omnithread.vcxproj -> I:\Code\MyCode\VerifyServer\omnithread\../lib\omnithread.lib
       FinalizeBuildStatus:
         正在删除文件“I:\Code\MyCode\VerifyServer\VerifyServer\Release\omnithread\omnithread.unsuccessfulbuild”。
         正在对“I:\Code\MyCode\VerifyServer\VerifyServer\Release\omnithread\omnithread.lastbuildstate”执行 Touch 任务。
     1>已完成生成项目“I:\Code\MyCode\VerifyServer\omnithread\omnithread.vcxproj”(rebuild 个目标)的操作。

生成成功。

已用时间 00:00:01.68
