I:\CODE\MYCODE\VERIFYSERVER\VERIFYSERVER\DEBUG\VERIFYSERVER.EXE
I:\CODE\MYCODE\VERIFYSERVER\VERIFYSERVER\DEBUG\VERIFYSERVER.ILK
I:\CODE\MYCODE\VERIFYSERVER\VERIFYSERVER\DEBUG\VERIFYSERVER.PDB
I:\CODE\MYCODE\VERIFYSERVER\VERIFYSERVER\DEBUG\VERIFYSERVER\APPDATAFILECOPY.OBJ
I:\CODE\MYCODE\VERIFYSERVER\VERIFYSERVER\DEBUG\VERIFYSERVER\APPENTITY.OBJ
I:\CODE\MYCODE\VERIFYSERVER\VERIFYSERVER\DEBUG\VERIFYSERVER\APPOPERATE.OBJ
I:\CODE\MYCODE\VERIFYSERVER\VERIFYSERVER\DEBUG\VERIFYSERVER\CJSON_UNICODE.OBJ
I:\Code\MyCode\VerifyServer\VerifyServer\Debug\VerifyServer\cl.command.1.tlog
I:\Code\MyCode\VerifyServer\VerifyServer\Debug\VerifyServer\CL.read.1.tlog
I:\Code\MyCode\VerifyServer\VerifyServer\Debug\VerifyServer\CL.write.1.tlog
I:\CODE\MYCODE\VERIFYSERVER\VERIFYSERVER\DEBUG\VERIFYSERVER\CLIENTSIGNUPOPERATE.OBJ
I:\CODE\MYCODE\VERIFYSERVER\VERIFYSERVER\DEBUG\VERIFYSERVER\CLIENTUSER.OBJ
I:\CODE\MYCODE\VERIFYSERVER\VERIFYSERVER\DEBUG\VERIFYSERVER\DBSQLITE3PROXY.OBJ
I:\CODE\MYCODE\VERIFYSERVER\VERIFYSERVER\DEBUG\VERIFYSERVER\GLOBALFUNC.OBJ
I:\Code\MyCode\VerifyServer\VerifyServer\Debug\VerifyServer\link.10116.read.1.tlog
I:\Code\MyCode\VerifyServer\VerifyServer\Debug\VerifyServer\link.10116.write.1.tlog
I:\Code\MyCode\VerifyServer\VerifyServer\Debug\VerifyServer\link.10116-cvtres.read.1.tlog
I:\Code\MyCode\VerifyServer\VerifyServer\Debug\VerifyServer\link.10116-cvtres.write.1.tlog
I:\Code\MyCode\VerifyServer\VerifyServer\Debug\VerifyServer\link.3556.read.1.tlog
I:\Code\MyCode\VerifyServer\VerifyServer\Debug\VerifyServer\link.3556.write.1.tlog
I:\Code\MyCode\VerifyServer\VerifyServer\Debug\VerifyServer\link.5648.read.1.tlog
I:\Code\MyCode\VerifyServer\VerifyServer\Debug\VerifyServer\link.5648.write.1.tlog
I:\Code\MyCode\VerifyServer\VerifyServer\Debug\VerifyServer\link.5648-cvtres.read.1.tlog
I:\Code\MyCode\VerifyServer\VerifyServer\Debug\VerifyServer\link.5648-cvtres.write.1.tlog
I:\Code\MyCode\VerifyServer\VerifyServer\Debug\VerifyServer\link.command.1.tlog
I:\Code\MyCode\VerifyServer\VerifyServer\Debug\VerifyServer\link.read.1.tlog
I:\Code\MyCode\VerifyServer\VerifyServer\Debug\VerifyServer\link.write.1.tlog
I:\Code\MyCode\VerifyServer\VerifyServer\Debug\VerifyServer\link-cvtres.read.1.tlog
I:\Code\MyCode\VerifyServer\VerifyServer\Debug\VerifyServer\link-cvtres.write.1.tlog
I:\Code\MyCode\VerifyServer\VerifyServer\Debug\VerifyServer\mt.command.1.tlog
I:\Code\MyCode\VerifyServer\VerifyServer\Debug\VerifyServer\mt.read.1.tlog
I:\Code\MyCode\VerifyServer\VerifyServer\Debug\VerifyServer\mt.write.1.tlog
I:\Code\MyCode\VerifyServer\VerifyServer\Debug\VerifyServer\rc.command.1.tlog
I:\Code\MyCode\VerifyServer\VerifyServer\Debug\VerifyServer\rc.read.1.tlog
I:\Code\MyCode\VerifyServer\VerifyServer\Debug\VerifyServer\rc.write.1.tlog
I:\CODE\MYCODE\VERIFYSERVER\VERIFYSERVER\DEBUG\VERIFYSERVER\SERVICEAPPMAIN.OBJ
I:\CODE\MYCODE\VERIFYSERVER\VERIFYSERVER\DEBUG\VERIFYSERVER\SOCKETPROTOCOL.OBJ
I:\CODE\MYCODE\VERIFYSERVER\VERIFYSERVER\DEBUG\VERIFYSERVER\STDAFX.OBJ
I:\CODE\MYCODE\VERIFYSERVER\VERIFYSERVER\DEBUG\VERIFYSERVER\STRINGIOCOMPLETEPORTOVERLAPPED.OBJ
I:\CODE\MYCODE\VERIFYSERVER\VERIFYSERVER\DEBUG\VERIFYSERVER\THREADSOCKETRECEVIER.OBJ
I:\Code\MyCode\VerifyServer\VerifyServer\Debug\VerifyServer\vc100.idb
I:\CODE\MYCODE\VERIFYSERVER\VERIFYSERVER\DEBUG\VERIFYSERVER\VC100.PDB
I:\CODE\MYCODE\VERIFYSERVER\VERIFYSERVER\DEBUG\VERIFYSERVER\VERIFYSERVER.EXE.EMBED.MANIFEST
I:\CODE\MYCODE\VERIFYSERVER\VERIFYSERVER\DEBUG\VERIFYSERVER\VERIFYSERVER.EXE.EMBED.MANIFEST.RES
I:\CODE\MYCODE\VERIFYSERVER\VERIFYSERVER\DEBUG\VERIFYSERVER\VERIFYSERVER.EXE.INTERMEDIATE.MANIFEST
I:\CODE\MYCODE\VERIFYSERVER\VERIFYSERVER\DEBUG\VERIFYSERVER\VERIFYSERVER.OBJ
I:\Code\MyCode\VerifyServer\VerifyServer\Debug\VerifyServer\VerifyServer_manifest.rc
I:\CODE\MYCODE\VERIFYSERVER\VERIFYSERVER\DEBUG\VERIFYSERVER\VNCSERVICE.OBJ
