生成启动时间为 2018/5/23 19:07:34。
     1>项目“I:\Code\MyCode\VerifyServer\IOCompletePort\IOCompletePort.vcxproj”在节点 5 上(build 个目标)。
     1>C:\Program Files (x86)\MSBuild\Microsoft.Cpp\v4.0\Microsoft.CppBuild.targets(299,5): warning MSB8004: Output 目录未以斜杠结尾。此生成实例将添加斜杠，因为必须有这个斜杠才能正确计算 Output 目录。
     1>InitializeBuildStatus:
         正在创建“Debug\IOCompletePort.unsuccessfulbuild”，因为已指定“AlwaysCreate”。
       ClCompile:
         C:\Program Files (x86)\Microsoft Visual Studio 10.0\VC\bin\CL.exe /c /ZI /nologo /W3 /WX- /Od /Oy- /D WIN32 /D _DEBUG /D _WINSTATIC /D _CONSOLE /D _UNICODE /D UNICODE /Gm /EHsc /RTC1 /MDd /GS /fp:precise /Zc:wchar_t /Zc:forScope /Yc"StdAfx.h" /Fp"Debug\IOCompletePortU.pch" /Fo"Debug\\" /Fd"Debug\vc100.pdb" /Gd /TP /analyze- /errorReport:prompt stdafx.cpp
         stdafx.cpp
         C:\Program Files (x86)\Microsoft Visual Studio 10.0\VC\bin\CL.exe /c /ZI /nologo /W3 /WX- /Od /Oy- /D WIN32 /D _DEBUG /D _WINSTATIC /D _CONSOLE /D _UNICODE /D UNICODE /Gm /EHsc /RTC1 /MDd /GS /fp:precise /Zc:wchar_t /Zc:forScope /Yu"StdAfx.h" /Fp"Debug\IOCompletePortU.pch" /Fo"Debug\\" /Fd"Debug\vc100.pdb" /Gd /TP /analyze- /errorReport:prompt IOCompletePort.cpp IOCompletePortOperate.cpp IOCompletePortOverlapped.cpp IOCompletePortTest.cpp MemAlloctor.cpp StringIOCompletePortOverlapped.cpp
         StringIOCompletePortOverlapped.cpp
         MemAlloctor.cpp
         IOCompletePortTest.cpp
         IOCompletePortOverlapped.cpp
         IOCompletePortOperate.cpp
         IOCompletePort.cpp
     1>i:\code\mycode\verifyserver\iocompleteport\iocompleteport.cpp(50): warning C4018: “<”: 有符号/无符号不匹配
         正在生成代码...
       Lib:
         C:\Program Files (x86)\Microsoft Visual Studio 10.0\VC\bin\Lib.exe /OUT:"../lib\IOCompletePortU.lib" /NOLOGO Debug\IOCompletePort.obj
         Debug\IOCompletePortOperate.obj
         Debug\IOCompletePortOverlapped.obj
         Debug\IOCompletePortTest.obj
         Debug\MemAlloctor.obj
         Debug\stdafx.obj
         Debug\StringIOCompletePortOverlapped.obj
         IOCompletePort.vcxproj -> I:\Code\MyCode\VerifyServer\IOCompletePort\../lib\IOCompletePortU.lib
       FinalizeBuildStatus:
         正在删除文件“Debug\IOCompletePort.unsuccessfulbuild”。
         正在对“Debug\IOCompletePort.lastbuildstate”执行 Touch 任务。
     1>已完成生成项目“I:\Code\MyCode\VerifyServer\IOCompletePort\IOCompletePort.vcxproj”(build 个目标)的操作。

生成成功。

已用时间 00:00:04.78
